<?xml version="1.0" encoding="utf-8"?><testsuites><testsuite errors="21" failures="0" hostname="PC81978" name="pytest" skipped="0" tests="21" time="1.147" timestamp="2020-06-13T05:27:35.383655"><testcase classname="" file="package/tests/test_package_imports.py" name="package.tests.test_package_imports" time="0.000"><error message="collection failure">.venv\lib\site-packages\py\_path\local.py:701: in pyimport
    __import__(modname)
E   ModuleNotFoundError: No module named &apos;tests.test_package_imports&apos;</error><error message="collection failure">ImportError while importing test module &apos;C:\repos\private\awesome-streamlit\package\tests\test_package_imports.py&apos;.
Hint: make sure your test modules/packages have valid Python names.
Traceback:
ModuleNotFoundError: No module named &apos;tests.test_package_imports&apos;</error></testcase><testcase classname="" file="package/tests/core/__init__.py" name="package.tests.core.__init__" time="0.000"><error message="collection failure">.venv\lib\site-packages\py\_path\local.py:701: in pyimport
    __import__(modname)
E   ModuleNotFoundError: No module named &apos;tests.core&apos;</error></testcase><testcase classname="" file="package/tests/core/test_services.py" name="package.tests.core.test_services" time="0.000"><error message="collection failure">.venv\lib\site-packages\py\_path\local.py:701: in pyimport
    __import__(modname)
E   ModuleNotFoundError: No module named &apos;tests.core&apos;</error><error message="collection failure">ImportError while importing test module &apos;C:\repos\private\awesome-streamlit\package\tests\core\test_services.py&apos;.
Hint: make sure your test modules/packages have valid Python names.
Traceback:
ModuleNotFoundError: No module named &apos;tests.core&apos;</error></testcase><testcase classname="" file="package/tests/shared/__init__.py" name="package.tests.shared.__init__" time="0.000"><error message="collection failure">.venv\lib\site-packages\py\_path\local.py:701: in pyimport
    __import__(modname)
E   ModuleNotFoundError: No module named &apos;tests.shared&apos;</error></testcase><testcase classname="" file="package/tests/shared/test_components.py" name="package.tests.shared.test_components" time="0.000"><error message="collection failure">.venv\lib\site-packages\py\_path\local.py:701: in pyimport
    __import__(modname)
E   ModuleNotFoundError: No module named &apos;tests.shared&apos;</error><error message="collection failure">ImportError while importing test module &apos;C:\repos\private\awesome-streamlit\package\tests\shared\test_components.py&apos;.
Hint: make sure your test modules/packages have valid Python names.
Traceback:
ModuleNotFoundError: No module named &apos;tests.shared&apos;</error></testcase><testcase classname="" file="package/tests/shared/test_models.py" name="package.tests.shared.test_models" time="0.000"><error message="collection failure">.venv\lib\site-packages\py\_path\local.py:701: in pyimport
    __import__(modname)
E   ModuleNotFoundError: No module named &apos;tests.shared&apos;</error><error message="collection failure">ImportError while importing test module &apos;C:\repos\private\awesome-streamlit\package\tests\shared\test_models.py&apos;.
Hint: make sure your test modules/packages have valid Python names.
Traceback:
ModuleNotFoundError: No module named &apos;tests.shared&apos;</error></testcase><testcase classname="" file="package/tests/testing/__init__.py" name="package.tests.testing.__init__" time="0.000"><error message="collection failure">.venv\lib\site-packages\py\_path\local.py:701: in pyimport
    __import__(modname)
E   ModuleNotFoundError: No module named &apos;tests.testing&apos;</error></testcase><testcase classname="" file="package/tests/testing/test_components.py" name="package.tests.testing.test_components" time="0.000"><error message="collection failure">.venv\lib\site-packages\py\_path\local.py:701: in pyimport
    __import__(modname)
E   ModuleNotFoundError: No module named &apos;tests.testing&apos;</error><error message="collection failure">ImportError while importing test module &apos;C:\repos\private\awesome-streamlit\package\tests\testing\test_components.py&apos;.
Hint: make sure your test modules/packages have valid Python names.
Traceback:
ModuleNotFoundError: No module named &apos;tests.testing&apos;</error></testcase><testcase classname="" file="package/tests/testing/test_models.py" name="package.tests.testing.test_models" time="0.000"><error message="collection failure">.venv\lib\site-packages\py\_path\local.py:701: in pyimport
    __import__(modname)
E   ModuleNotFoundError: No module named &apos;tests.testing&apos;</error><error message="collection failure">ImportError while importing test module &apos;C:\repos\private\awesome-streamlit\package\tests\testing\test_models.py&apos;.
Hint: make sure your test modules/packages have valid Python names.
Traceback:
ModuleNotFoundError: No module named &apos;tests.testing&apos;</error></testcase><testcase classname="" file="package/tests/testing/test_utils.py" name="package.tests.testing.test_utils" time="0.000"><error message="collection failure">.venv\lib\site-packages\py\_path\local.py:701: in pyimport
    __import__(modname)
E   ModuleNotFoundError: No module named &apos;tests.testing&apos;</error><error message="collection failure">ImportError while importing test module &apos;C:\repos\private\awesome-streamlit\package\tests\testing\test_utils.py&apos;.
Hint: make sure your test modules/packages have valid Python names.
Traceback:
ModuleNotFoundError: No module named &apos;tests.testing&apos;</error></testcase><testcase classname="" file="package/tests/testing/test_module_example_folder/__init__.py" name="package.tests.testing.test_module_example_folder.__init__" time="0.000"><error message="collection failure">.venv\lib\site-packages\py\_path\local.py:701: in pyimport
    __import__(modname)
E   ModuleNotFoundError: No module named &apos;tests.testing&apos;</error></testcase><testcase classname="" file="package/tests/testing/test_module_example_folder/not_test_module_example_file.py" name="package.tests.testing.test_module_example_folder.not_test_module_example_file" time="0.000"><error message="collection failure">.venv\lib\site-packages\py\_path\local.py:701: in pyimport
    __import__(modname)
E   ModuleNotFoundError: No module named &apos;tests.testing&apos;</error></testcase><testcase classname="" file="package/tests/testing/test_module_example_folder/test_module_example_file.py" name="package.tests.testing.test_module_example_folder.test_module_example_file" time="0.000"><error message="collection failure">.venv\lib\site-packages\py\_path\local.py:701: in pyimport
    __import__(modname)
E   ModuleNotFoundError: No module named &apos;tests.testing&apos;</error><error message="collection failure">ImportError while importing test module &apos;C:\repos\private\awesome-streamlit\package\tests\testing\test_module_example_folder\test_module_example_file.py&apos;.
Hint: make sure your test modules/packages have valid Python names.
Traceback:
ModuleNotFoundError: No module named &apos;tests.testing&apos;</error></testcase></testsuite></testsuites>